nohup: ignoring input

  .   ____          _            __ _ _
 /\\ / ___'_ __ _ _(_)_ __  __ _ \ \ \ \
( ( )\___ | '_ | '_| | '_ \/ _` | \ \ \ \
 \\/  ___)| |_)| | | | | || (_| |  ) ) ) )
  '  |____| .__|_| |_|_| |_\__, | / / / /
 =========|_|==============|___/=/_/_/_/

 :: Spring Boot ::                (v3.4.3)

2025-03-21T13:07:35.891Z  INFO 4123 --- [calculator-backend] [           main] n.e.s.calculator.CalculatorApplication   : Starting CalculatorApplication v0.0.1-SNAPSHOT using Java 21.0.6 with PID 4123 (/home/azureuser/working-calculator/calculator-backend/target/calculator-backend-0.0.1-SNAPSHOT.jar started by azureuser in /home/azureuser/working-calculator/calculator-backend)
2025-03-21T13:07:35.901Z  INFO 4123 --- [calculator-backend] [           main] n.e.s.calculator.CalculatorApplication   : No active profile set, falling back to 1 default profile: "default"
2025-03-21T13:07:40.780Z  INFO 4123 --- [calculator-backend] [           main] .s.d.r.c.RepositoryConfigurationDelegate : Bootstrapping Spring Data JPA repositories in DEFAULT mode.
2025-03-21T13:07:41.144Z  INFO 4123 --- [calculator-backend] [           main] .s.d.r.c.RepositoryConfigurationDelegate : Finished Spring Data repository scanning in 319 ms. Found 2 JPA repository interfaces.
2025-03-21T13:07:42.916Z  INFO 4123 --- [calculator-backend] [           main] o.s.b.w.embedded.tomcat.TomcatWebServer  : Tomcat initialized with port 8080 (http)
2025-03-21T13:07:42.955Z  INFO 4123 --- [calculator-backend] [           main] o.apache.catalina.core.StandardService   : Starting service [Tomcat]
2025-03-21T13:07:42.955Z  INFO 4123 --- [calculator-backend] [           main] o.apache.catalina.core.StandardEngine    : Starting Servlet engine: [Apache Tomcat/10.1.36]
2025-03-21T13:07:43.197Z  INFO 4123 --- [calculator-backend] [           main] o.a.c.c.C.[Tomcat].[localhost].[/]       : Initializing Spring embedded WebApplicationContext
2025-03-21T13:07:43.200Z  INFO 4123 --- [calculator-backend] [           main] w.s.c.ServletWebServerApplicationContext : Root WebApplicationContext: initialization completed in 7057 ms
2025-03-21T13:07:43.558Z  INFO 4123 --- [calculator-backend] [           main] o.hibernate.jpa.internal.util.LogHelper  : HHH000204: Processing PersistenceUnitInfo [name: default]
2025-03-21T13:07:43.690Z  INFO 4123 --- [calculator-backend] [           main] org.hibernate.Version                    : HHH000412: Hibernate ORM core version 6.6.8.Final
2025-03-21T13:07:43.784Z  INFO 4123 --- [calculator-backend] [           main] o.h.c.internal.RegionFactoryInitiator    : HHH000026: Second-level cache disabled
2025-03-21T13:07:44.581Z  INFO 4123 --- [calculator-backend] [           main] o.s.o.j.p.SpringPersistenceUnitInfo      : No LoadTimeWeaver setup: ignoring JPA class transformer
2025-03-21T13:07:44.643Z  INFO 4123 --- [calculator-backend] [           main] com.zaxxer.hikari.HikariDataSource       : HikariPool-1 - Starting...
2025-03-21T13:07:45.083Z  INFO 4123 --- [calculator-backend] [           main] com.zaxxer.hikari.pool.HikariPool        : HikariPool-1 - Added connection conn0: url=jdbc:h2:mem:testdb user=SA
2025-03-21T13:07:45.088Z  INFO 4123 --- [calculator-backend] [           main] com.zaxxer.hikari.HikariDataSource       : HikariPool-1 - Start completed.
2025-03-21T13:07:45.148Z  WARN 4123 --- [calculator-backend] [           main] org.hibernate.orm.deprecation            : HHH90000025: H2Dialect does not need to be specified explicitly using 'hibernate.dialect' (remove the property setting and it will be selected by default)
2025-03-21T13:07:45.206Z  INFO 4123 --- [calculator-backend] [           main] org.hibernate.orm.connections.pooling    : HHH10001005: Database info:
	Database JDBC URL [Connecting through datasource 'HikariDataSource (HikariPool-1)']
	Database driver: undefined/unknown
	Database version: 2.3.232
	Autocommit mode: undefined/unknown
	Isolation level: undefined/unknown
	Minimum pool size: undefined/unknown
	Maximum pool size: undefined/unknown
2025-03-21T13:07:47.333Z  INFO 4123 --- [calculator-backend] [           main] o.h.e.t.j.p.i.JtaPlatformInitiator       : HHH000489: No JTA platform available (set 'hibernate.transaction.jta.platform' to enable JTA platform integration)
Hibernate: create table app_users (id bigint generated by default as identity, password varchar(255) not null, username varchar(255) not null, primary key (id))
Hibernate: create table calculations (id bigint generated by default as identity, expression varchar(255), result float(53) not null, timestamp timestamp(6), user_id bigint, primary key (id))
Hibernate: alter table if exists app_users drop constraint if exists UKspsnwr241e9k9c8p5xl4k45ih
Hibernate: alter table if exists app_users add constraint UKspsnwr241e9k9c8p5xl4k45ih unique (username)
Hibernate: alter table if exists calculations add constraint FK6hpxk2hdoksp23cv9ivup422q foreign key (user_id) references app_users
2025-03-21T13:07:47.428Z  INFO 4123 --- [calculator-backend] [           main] j.LocalContainerEntityManagerFactoryBean : Initialized JPA EntityManagerFactory for persistence unit 'default'
2025-03-21T13:07:48.676Z  WARN 4123 --- [calculator-backend] [           main] JpaBaseConfiguration$JpaWebConfiguration : spring.jpa.open-in-view is enabled by default. Therefore, database queries may be performed during view rendering. Explicitly configure spring.jpa.open-in-view to disable this warning
2025-03-21T13:07:48.713Z  WARN 4123 --- [calculator-backend] [           main] .s.s.UserDetailsServiceAutoConfiguration : 

Using generated security password: 8585ec58-67c2-4a72-b20d-a78f3f25d093

This generated password is for development use only. Your security configuration must be updated before running your application in production.

2025-03-21T13:07:48.768Z  INFO 4123 --- [calculator-backend] [           main] r$InitializeUserDetailsManagerConfigurer : Global AuthenticationManager configured with UserDetailsService bean with name inMemoryUserDetailsManager
2025-03-21T13:07:49.620Z  INFO 4123 --- [calculator-backend] [           main] o.s.v.b.OptionalValidatorFactoryBean     : Failed to set up a Bean Validation provider: jakarta.validation.NoProviderFoundException: Unable to create a Configuration, because no Jakarta Bean Validation provider could be found. Add a provider like Hibernate Validator (RI) to your classpath.
2025-03-21T13:07:50.116Z  INFO 4123 --- [calculator-backend] [           main] o.s.b.a.h2.H2ConsoleAutoConfiguration    : H2 console available at '/h2-console'. Database available at 'jdbc:h2:mem:testdb'
2025-03-21T13:07:50.320Z  WARN 4123 --- [calculator-backend] [           main] ConfigServletWebServerApplicationContext : Exception encountered during context initialization - cancelling refresh attempt: org.springframework.context.ApplicationContextException: Failed to start bean 'webServerStartStop'
2025-03-21T13:07:50.329Z  INFO 4123 --- [calculator-backend] [           main] j.LocalContainerEntityManagerFactoryBean : Closing JPA EntityManagerFactory for persistence unit 'default'
2025-03-21T13:07:50.333Z  INFO 4123 --- [calculator-backend] [           main] com.zaxxer.hikari.HikariDataSource       : HikariPool-1 - Shutdown initiated...
2025-03-21T13:07:50.343Z  INFO 4123 --- [calculator-backend] [           main] com.zaxxer.hikari.HikariDataSource       : HikariPool-1 - Shutdown completed.
2025-03-21T13:07:50.383Z  INFO 4123 --- [calculator-backend] [           main] .s.b.a.l.ConditionEvaluationReportLogger : 

Error starting ApplicationContext. To display the condition evaluation report re-run your application with 'debug' enabled.
2025-03-21T13:07:50.426Z ERROR 4123 --- [calculator-backend] [           main] o.s.b.d.LoggingFailureAnalysisReporter   : 

***************************
APPLICATION FAILED TO START
***************************

Description:

Web server failed to start. Port 8080 was already in use.

Action:

Identify and stop the process that's listening on port 8080 or configure this application to listen on another port.

